# JRE version: Java(TM) SE Runtime Environment (8.0_191-b12) (build 1.8.0_191-b12)
# Java VM: Java HotSpot(TM) 64-Bit Server VM (25.191-b12 mixed mode windows-amd64 compressed oops)
Heap:
 PSYoungGen      total 17920K, used 7983K [0x00000000eb100000, 0x00000000ec680000, 0x0000000100000000)
  eden space 14848K, 33% used [0x00000000eb100000,0x00000000eb5d6e70,0x00000000ebf80000)
  from space 3072K, 98% used [0x00000000ebf80000,0x00000000ec274f10,0x00000000ec280000)
  to   space 3584K, 0% used [0x00000000ec300000,0x00000000ec300000,0x00000000ec680000)
 ParOldGen       total 44032K, used 16424K [0x00000000c1200000, 0x00000000c3d00000, 0x00000000eb100000)
  object space 44032K, 37% used [0x00000000c1200000,0x00000000c220a238,0x00000000c3d00000)
 Metaspace       used 16598K, capacity 16912K, committed 17280K, reserved 1064960K
  class space    used 1977K, capacity 2098K, committed 2176K, reserved 1048576K
GC Heap History (10 events):
Event: 726.221 GC heap before
{Heap before GC invocations=41 (full 0):
 PSYoungGen      total 17920K, used 16043K [0x00000000eb100000, 0x00000000ec500000, 0x0000000100000000)
  eden space 15360K, 99% used [0x00000000eb100000,0x00000000ebffb020,0x00000000ec000000)
  from space 2560K, 27% used [0x00000000ec280000,0x00000000ec32feb8,0x00000000ec500000)
  to   space 2560K, 0% used [0x00000000ec000000,0x00000000ec000000,0x00000000ec280000)
 ParOldGen       total 44032K, used 13328K [0x00000000c1200000, 0x00000000c3d00000, 0x00000000eb100000)
  object space 44032K, 30% used [0x00000000c1200000,0x00000000c1f04308,0x00000000c3d00000)
 Metaspace       used 11082K, capacity 11290K, committed 11520K, reserved 1058816K
  class space    used 1144K, capacity 1233K, committed 1280K, reserved 1048576K
Event: 726.273 GC heap after
Heap after GC invocations=41 (full 0):
 PSYoungGen      total 17920K, used 1910K [0x00000000eb100000, 0x00000000ec500000, 0x0000000100000000)
  eden space 15360K, 0% used [0x00000000eb100000,0x00000000eb100000,0x00000000ec000000)
  from space 2560K, 74% used [0x00000000ec000000,0x00000000ec1dd8e8,0x00000000ec280000)
  to   space 2560K, 0% used [0x00000000ec280000,0x00000000ec280000,0x00000000ec500000)
 ParOldGen       total 44032K, used 13456K [0x00000000c1200000, 0x00000000c3d00000, 0x00000000eb100000)
  object space 44032K, 30% used [0x00000000c1200000,0x00000000c1f24190,0x00000000c3d00000)
 Metaspace       used 11082K, capacity 11290K, committed 11520K, reserved 1058816K
  class space    used 1144K, capacity 1233K, committed 1280K, reserved 1048576K
}
Event: 728.132 GC heap before
{Heap before GC invocations=42 (full 0):
 PSYoungGen      total 17920K, used 17270K [0x00000000eb100000, 0x00000000ec500000, 0x0000000100000000)
  eden space 15360K, 100% used [0x00000000eb100000,0x00000000ec000000,0x00000000ec000000)
  from space 2560K, 74% used [0x00000000ec000000,0x00000000ec1dd8e8,0x00000000ec280000)
  to   space 2560K, 0% used [0x00000000ec280000,0x00000000ec280000,0x00000000ec500000)
 ParOldGen       total 44032K, used 13456K [0x00000000c1200000, 0x00000000c3d00000, 0x00000000eb100000)
  object space 44032K, 30% used [0x00000000c1200000,0x00000000c1f24190,0x00000000c3d00000)
 Metaspace       used 12513K, capacity 12762K, committed 13056K, reserved 1060864K
  class space    used 1328K, capacity 1425K, committed 1536K, reserved 1048576K
Event: 728.138 GC heap after
Heap after GC invocations=42 (full 0):
 PSYoungGen      total 17408K, used 1974K [0x00000000eb100000, 0x00000000ec600000, 0x0000000100000000)
  eden space 14848K, 0% used [0x00000000eb100000,0x00000000eb100000,0x00000000ebf80000)
  from space 2560K, 77% used [0x00000000ec280000,0x00000000ec46d9b8,0x00000000ec500000)
  to   space 3072K, 0% used [0x00000000ebf80000,0x00000000ebf80000,0x00000000ec280000)
 ParOldGen       total 44032K, used 13496K [0x00000000c1200000, 0x00000000c3d00000, 0x00000000eb100000)
  object space 44032K, 30% used [0x00000000c1200000,0x00000000c1f2e190,0x00000000c3d00000)
 Metaspace       used 12513K, capacity 12762K, committed 13056K, reserved 1060864K
  class space    used 1328K, capacity 1425K, committed 1536K, reserved 1048576K
}
Event: 732.344 GC heap before
{Heap before GC invocations=43 (full 0):
 PSYoungGen      total 17408K, used 16822K [0x00000000eb100000, 0x00000000ec600000, 0x0000000100000000)
  eden space 14848K, 100% used [0x00000000eb100000,0x00000000ebf80000,0x00000000ebf80000)
  from space 2560K, 77% used [0x00000000ec280000,0x00000000ec46d9b8,0x00000000ec500000)
  to   space 3072K, 0% used [0x00000000ebf80000,0x00000000ebf80000,0x00000000ec280000)
 ParOldGen       total 44032K, used 13496K [0x00000000c1200000, 0x00000000c3d00000, 0x00000000eb100000)
  object space 44032K, 30% used [0x00000000c1200000,0x00000000c1f2e190,0x00000000c3d00000)
 Metaspace       used 14371K, capacity 14596K, committed 14848K, reserved 1062912K
  class space    used 1622K, capacity 1696K, committed 1792K, reserved 1048576K
Event: 732.350 GC heap after
Heap after GC invocations=43 (full 0):
 PSYoungGen      total 17920K, used 1872K [0x00000000eb100000, 0x00000000ec580000, 0x0000000100000000)
  eden space 14848K, 0% used [0x00000000eb100000,0x00000000eb100000,0x00000000ebf80000)
  from space 3072K, 60% used [0x00000000ebf80000,0x00000000ec154208,0x00000000ec280000)
  to   space 3072K, 0% used [0x00000000ec280000,0x00000000ec280000,0x00000000ec580000)
 ParOldGen       total 44032K, used 14508K [0x00000000c1200000, 0x00000000c3d00000, 0x00000000eb100000)
  object space 44032K, 32% used [0x00000000c1200000,0x00000000c202b1c0,0x00000000c3d00000)
 Metaspace       used 14371K, capacity 14596K, committed 14848K, reserved 1062912K
  class space    used 1622K, capacity 1696K, committed 1792K, reserved 1048576K
}
Event: 732.753 GC heap before
{Heap before GC invocations=44 (full 0):
 PSYoungGen      total 17920K, used 16720K [0x00000000eb100000, 0x00000000ec580000, 0x0000000100000000)
  eden space 14848K, 100% used [0x00000000eb100000,0x00000000ebf80000,0x00000000ebf80000)
  from space 3072K, 60% used [0x00000000ebf80000,0x00000000ec154208,0x00000000ec280000)
  to   space 3072K, 0% used [0x00000000ec280000,0x00000000ec280000,0x00000000ec580000)
 ParOldGen       total 44032K, used 14508K [0x00000000c1200000, 0x00000000c3d00000, 0x00000000eb100000)
  object space 44032K, 32% used [0x00000000c1200000,0x00000000c202b1c0,0x00000000c3d00000)
 Metaspace       used 16557K, capacity 16848K, committed 17024K, reserved 1064960K
  class space    used 1976K, capacity 2098K, committed 2176K, reserved 1048576K
Event: 732.758 GC heap after
Heap after GC invocations=44 (full 0):
 PSYoungGen      total 17920K, used 1873K [0x00000000eb100000, 0x00000000ec580000, 0x0000000100000000)
  eden space 14848K, 0% used [0x00000000eb100000,0x00000000eb100000,0x00000000ebf80000)
  from space 3072K, 60% used [0x00000000ec280000,0x00000000ec454690,0x00000000ec580000)
  to   space 3072K, 0% used [0x00000000ebf80000,0x00000000ebf80000,0x00000000ec280000)
 ParOldGen       total 44032K, used 15068K [0x00000000c1200000, 0x00000000c3d00000, 0x00000000eb100000)
  object space 44032K, 34% used [0x00000000c1200000,0x00000000c20b7220,0x00000000c3d00000)
 Metaspace       used 16557K, capacity 16848K, committed 17024K, reserved 1064960K
  class space    used 1976K, capacity 2098K, committed 2176K, reserved 1048576K
}
Event: 775.029 GC heap before
{Heap before GC invocations=45 (full 0):
 PSYoungGen      total 17920K, used 16721K [0x00000000eb100000, 0x00000000ec580000, 0x0000000100000000)
  eden space 14848K, 100% used [0x00000000eb100000,0x00000000ebf80000,0x00000000ebf80000)
  from space 3072K, 60% used [0x00000000ec280000,0x00000000ec454690,0x00000000ec580000)
  to   space 3072K, 0% used [0x00000000ebf80000,0x00000000ebf80000,0x00000000ec280000)
 ParOldGen       total 44032K, used 15068K [0x00000000c1200000, 0x00000000c3d00000, 0x00000000eb100000)
  object space 44032K, 34% used [0x00000000c1200000,0x00000000c20b7220,0x00000000c3d00000)
 Metaspace       used 16574K, capacity 16848K, committed 17024K, reserved 1064960K
  class space    used 1977K, capacity 2098K, committed 2176K, reserved 1048576K
Event: 775.057 GC heap after
Heap after GC invocations=45 (full 0):
 PSYoungGen      total 17920K, used 3027K [0x00000000eb100000, 0x00000000ec680000, 0x0000000100000000)
  eden space 14848K, 0% used [0x00000000eb100000,0x00000000eb100000,0x00000000ebf80000)
  from space 3072K, 98% used [0x00000000ebf80000,0x00000000ec274f10,0x00000000ec280000)
  to   space 3584K, 0% used [0x00000000ec300000,0x00000000ec300000,0x00000000ec680000)
 ParOldGen       total 44032K, used 16424K [0x00000000c1200000, 0x00000000c3d00000, 0x00000000eb100000)
  object space 44032K, 37% used [0x00000000c1200000,0x00000000c220a238,0x00000000c3d00000)
 Metaspace       used 16574K, capacity 16848K, committed 17024K, reserved 1064960K
  class space    used 1977K, capacity 2098K, committed 2176K, reserved 1048576K
}

