# JRE version: Java(TM) SE Runtime Environment (8.0_191-b12) (build 1.8.0_191-b12)
# Java VM: Java HotSpot(TM) 64-Bit Server VM (25.191-b12 mixed mode windows-amd64 compressed oops)
Heap:
 PSYoungGen      total 40448K, used 8823K [0x00000000eb100000, 0x00000000edd80000, 0x0000000100000000)
  eden space 35328K, 24% used [0x00000000eb100000,0x00000000eb94f500,0x00000000ed380000)
  from space 5120K, 6% used [0x00000000ed880000,0x00000000ed8cea98,0x00000000edd80000)
  to   space 4096K, 0% used [0x00000000ed480000,0x00000000ed480000,0x00000000ed880000)
 ParOldGen       total 44032K, used 28263K [0x00000000c1200000, 0x00000000c3d00000, 0x00000000eb100000)
  object space 44032K, 64% used [0x00000000c1200000,0x00000000c2d99e80,0x00000000c3d00000)
 Metaspace       used 16888K, capacity 17168K, committed 17536K, reserved 1064960K
  class space    used 1984K, capacity 2098K, committed 2176K, reserved 1048576K
GC Heap History (10 events):
Event: 172.918 GC heap before
{Heap before GC invocations=56 (full 0):
 PSYoungGen      total 41472K, used 40595K [0x00000000eb100000, 0x00000000ee080000, 0x0000000100000000)
  eden space 39424K, 98% used [0x00000000eb100000,0x00000000ed6db278,0x00000000ed780000)
  from space 2048K, 89% used [0x00000000ed880000,0x00000000eda49d50,0x00000000eda80000)
  to   space 4608K, 0% used [0x00000000edc00000,0x00000000edc00000,0x00000000ee080000)
 ParOldGen       total 44032K, used 25944K [0x00000000c1200000, 0x00000000c3d00000, 0x00000000eb100000)
  object space 44032K, 58% used [0x00000000c1200000,0x00000000c2b56030,0x00000000c3d00000)
 Metaspace       used 16843K, capacity 17168K, committed 17536K, reserved 1064960K
  class space    used 1984K, capacity 2098K, committed 2176K, reserved 1048576K
Event: 172.921 GC heap after
Heap after GC invocations=56 (full 0):
 PSYoungGen      total 41984K, used 2310K [0x00000000eb100000, 0x00000000edf80000, 0x0000000100000000)
  eden space 38400K, 0% used [0x00000000eb100000,0x00000000eb100000,0x00000000ed680000)
  from space 3584K, 64% used [0x00000000edc00000,0x00000000ede418e8,0x00000000edf80000)
  to   space 4608K, 0% used [0x00000000ed680000,0x00000000ed680000,0x00000000edb00000)
 ParOldGen       total 44032K, used 25952K [0x00000000c1200000, 0x00000000c3d00000, 0x00000000eb100000)
  object space 44032K, 58% used [0x00000000c1200000,0x00000000c2b58030,0x00000000c3d00000)
 Metaspace       used 16843K, capacity 17168K, committed 17536K, reserved 1064960K
  class space    used 1984K, capacity 2098K, committed 2176K, reserved 1048576K
}
Event: 185.436 GC heap before
{Heap before GC invocations=57 (full 0):
 PSYoungGen      total 41984K, used 40710K [0x00000000eb100000, 0x00000000edf80000, 0x0000000100000000)
  eden space 38400K, 100% used [0x00000000eb100000,0x00000000ed680000,0x00000000ed680000)
  from space 3584K, 64% used [0x00000000edc00000,0x00000000ede418e8,0x00000000edf80000)
  to   space 4608K, 0% used [0x00000000ed680000,0x00000000ed680000,0x00000000edb00000)
 ParOldGen       total 44032K, used 25952K [0x00000000c1200000, 0x00000000c3d00000, 0x00000000eb100000)
  object space 44032K, 58% used [0x00000000c1200000,0x00000000c2b58030,0x00000000c3d00000)
 Metaspace       used 16865K, capacity 17168K, committed 17536K, reserved 1064960K
  class space    used 1984K, capacity 2098K, committed 2176K, reserved 1048576K
Event: 185.438 GC heap after
Heap after GC invocations=57 (full 0):
 PSYoungGen      total 39936K, used 2327K [0x00000000eb100000, 0x00000000ede80000, 0x0000000100000000)
  eden space 37376K, 0% used [0x00000000eb100000,0x00000000eb100000,0x00000000ed580000)
  from space 2560K, 90% used [0x00000000ed680000,0x00000000ed8c5e38,0x00000000ed900000)
  to   space 4608K, 0% used [0x00000000eda00000,0x00000000eda00000,0x00000000ede80000)
 ParOldGen       total 44032K, used 25992K [0x00000000c1200000, 0x00000000c3d00000, 0x00000000eb100000)
  object space 44032K, 59% used [0x00000000c1200000,0x00000000c2b62030,0x00000000c3d00000)
 Metaspace       used 16865K, capacity 17168K, committed 17536K, reserved 1064960K
  class space    used 1984K, capacity 2098K, committed 2176K, reserved 1048576K
}
Event: 200.810 GC heap before
{Heap before GC invocations=58 (full 0):
 PSYoungGen      total 39936K, used 39703K [0x00000000eb100000, 0x00000000ede80000, 0x0000000100000000)
  eden space 37376K, 100% used [0x00000000eb100000,0x00000000ed580000,0x00000000ed580000)
  from space 2560K, 90% used [0x00000000ed680000,0x00000000ed8c5e38,0x00000000ed900000)
  to   space 4608K, 0% used [0x00000000eda00000,0x00000000eda00000,0x00000000ede80000)
 ParOldGen       total 44032K, used 25992K [0x00000000c1200000, 0x00000000c3d00000, 0x00000000eb100000)
  object space 44032K, 59% used [0x00000000c1200000,0x00000000c2b62030,0x00000000c3d00000)
 Metaspace       used 16883K, capacity 17168K, committed 17536K, reserved 1064960K
  class space    used 1984K, capacity 2098K, committed 2176K, reserved 1048576K
Event: 200.814 GC heap after
Heap after GC invocations=58 (full 0):
 PSYoungGen      total 39936K, used 2509K [0x00000000eb100000, 0x00000000edd80000, 0x0000000100000000)
  eden space 36352K, 0% used [0x00000000eb100000,0x00000000eb100000,0x00000000ed480000)
  from space 3584K, 70% used [0x00000000eda00000,0x00000000edc73460,0x00000000edd80000)
  to   space 4608K, 0% used [0x00000000ed480000,0x00000000ed480000,0x00000000ed900000)
 ParOldGen       total 44032K, used 26000K [0x00000000c1200000, 0x00000000c3d00000, 0x00000000eb100000)
  object space 44032K, 59% used [0x00000000c1200000,0x00000000c2b64030,0x00000000c3d00000)
 Metaspace       used 16883K, capacity 17168K, committed 17536K, reserved 1064960K
  class space    used 1984K, capacity 2098K, committed 2176K, reserved 1048576K
}
Event: 212.546 GC heap before
{Heap before GC invocations=59 (full 0):
 PSYoungGen      total 39936K, used 38861K [0x00000000eb100000, 0x00000000edd80000, 0x0000000100000000)
  eden space 36352K, 100% used [0x00000000eb100000,0x00000000ed480000,0x00000000ed480000)
  from space 3584K, 70% used [0x00000000eda00000,0x00000000edc73460,0x00000000edd80000)
  to   space 4608K, 0% used [0x00000000ed480000,0x00000000ed480000,0x00000000ed900000)
 ParOldGen       total 44032K, used 26000K [0x00000000c1200000, 0x00000000c3d00000, 0x00000000eb100000)
  object space 44032K, 59% used [0x00000000c1200000,0x00000000c2b64030,0x00000000c3d00000)
 Metaspace       used 16888K, capacity 17168K, committed 17536K, reserved 1064960K
  class space    used 1984K, capacity 2098K, committed 2176K, reserved 1048576K
Event: 212.549 GC heap after
Heap after GC invocations=59 (full 0):
 PSYoungGen      total 39424K, used 3923K [0x00000000eb100000, 0x00000000edd80000, 0x0000000100000000)
  eden space 35328K, 0% used [0x00000000eb100000,0x00000000eb100000,0x00000000ed380000)
  from space 4096K, 95% used [0x00000000ed480000,0x00000000ed854dd8,0x00000000ed880000)
  to   space 5120K, 0% used [0x00000000ed880000,0x00000000ed880000,0x00000000edd80000)
 ParOldGen       total 44032K, used 26008K [0x00000000c1200000, 0x00000000c3d00000, 0x00000000eb100000)
  object space 44032K, 59% used [0x00000000c1200000,0x00000000c2b66030,0x00000000c3d00000)
 Metaspace       used 16888K, capacity 17168K, committed 17536K, reserved 1064960K
  class space    used 1984K, capacity 2098K, committed 2176K, reserved 1048576K
}
Event: 212.723 GC heap before
{Heap before GC invocations=60 (full 0):
 PSYoungGen      total 39424K, used 39251K [0x00000000eb100000, 0x00000000edd80000, 0x0000000100000000)
  eden space 35328K, 100% used [0x00000000eb100000,0x00000000ed380000,0x00000000ed380000)
  from space 4096K, 95% used [0x00000000ed480000,0x00000000ed854dd8,0x00000000ed880000)
  to   space 5120K, 0% used [0x00000000ed880000,0x00000000ed880000,0x00000000edd80000)
 ParOldGen       total 44032K, used 26008K [0x00000000c1200000, 0x00000000c3d00000, 0x00000000eb100000)
  object space 44032K, 59% used [0x00000000c1200000,0x00000000c2b66030,0x00000000c3d00000)
 Metaspace       used 16888K, capacity 17168K, committed 17536K, reserved 1064960K
  class space    used 1984K, capacity 2098K, committed 2176K, reserved 1048576K
Event: 212.729 GC heap after
Heap after GC invocations=60 (full 0):
 PSYoungGen      total 40448K, used 314K [0x00000000eb100000, 0x00000000edd80000, 0x0000000100000000)
  eden space 35328K, 0% used [0x00000000eb100000,0x00000000eb100000,0x00000000ed380000)
  from space 5120K, 6% used [0x00000000ed880000,0x00000000ed8cea98,0x00000000edd80000)
  to   space 4096K, 0% used [0x00000000ed480000,0x00000000ed480000,0x00000000ed880000)
 ParOldGen       total 44032K, used 28263K [0x00000000c1200000, 0x00000000c3d00000, 0x00000000eb100000)
  object space 44032K, 64% used [0x00000000c1200000,0x00000000c2d99e80,0x00000000c3d00000)
 Metaspace       used 16888K, capacity 17168K, committed 17536K, reserved 1064960K
  class space    used 1984K, capacity 2098K, committed 2176K, reserved 1048576K
}

